2026-02-11 19:47:30 Loaded main app package /usr/lib/obsidian/obsidian.asar
2026-02-11 19:47:30 Checking for update using Github
2026-02-11 19:47:30 Success.
2026-02-11 19:47:30 Latest version is 1.11.7
2026-02-11 19:47:30 App is up to date.
2026-02-11 19:48:49 Loaded main app package /usr/lib/obsidian/obsidian.asar
2026-02-11 19:48:49 Checking for update using Github
2026-02-11 19:48:49 Success.
2026-02-11 19:48:49 Latest version is 1.11.7
2026-02-11 19:48:49 App is up to date.
2026-02-12 19:06:52 Loaded main app package /usr/lib/obsidian/obsidian.asar
2026-02-12 19:06:52 Checking for update using Github
2026-02-12 19:06:53 Success.
2026-02-12 19:06:53 Latest version is 1.11.7
2026-02-12 19:06:53 App is up to date.
2026-02-12 20:26:30 Loaded main app package /usr/lib/obsidian/obsidian.asar
2026-02-12 20:26:30 Checking for update using Github
2026-02-12 20:26:32 Success.
2026-02-12 20:26:32 Latest version is 1.11.7
2026-02-12 20:26:32 App is up to date.
2026-02-13 17:06:51 Loaded main app package /usr/lib/obsidian/obsidian.asar
2026-02-13 17:06:51 Checking for update using Github
2026-02-13 17:06:51 Failed to check for update using Github (net::ERR_INTERNET_DISCONNECTED)
2026-02-13 17:06:51 Checking for update using obsidian.md
2026-02-13 17:06:51 Failed to check for update using obsidian.md (net::ERR_INTERNET_DISCONNECTED)
2026-02-13 17:16:47 Loaded main app package /usr/lib/obsidian/obsidian.asar
2026-02-13 17:16:47 Checking for update using Github
2026-02-13 17:16:48 Success.
2026-02-13 17:16:48 Latest version is 1.11.7
2026-02-13 17:16:48 App is up to date.
2026-02-13 18:16:47 Checking for update using Github
2026-02-13 18:16:48 Success.
2026-02-13 18:16:48 Latest version is 1.11.7
2026-02-13 18:16:48 App is up to date.
2026-02-13 18:40:39 Loaded main app package /usr/lib/obsidian/obsidian.asar
2026-02-13 18:40:39 Checking for update using Github
2026-02-13 18:40:39 Failed to check for update using Github (net::ERR_INTERNET_DISCONNECTED)
2026-02-13 18:40:39 Checking for update using obsidian.md
2026-02-13 18:40:39 Failed to check for update using obsidian.md (net::ERR_INTERNET_DISCONNECTED)
2026-02-14 01:09:54 Loaded main app package /usr/lib/obsidian/obsidian.asar
2026-02-14 01:09:54 Checking for update using Github
2026-02-14 01:09:54 Success.
2026-02-14 01:09:54 Latest version is 1.11.7
2026-02-14 01:09:54 App is up to date.
2026-02-15 19:52:52 Loaded main app package /usr/lib/obsidian/obsidian.asar
2026-02-15 19:52:52 Checking for update using Github
2026-02-15 19:52:53 Success.
2026-02-15 19:52:53 Latest version is 1.11.7
2026-02-15 19:52:53 App is up to date.
2026-02-15 23:46:13 Checking for update using Github
2026-02-15 23:46:13 Success.
2026-02-15 23:46:13 Latest version is 1.11.7
2026-02-15 23:46:13 App is up to date.
2026-02-16 00:46:13 Checking for update using Github
2026-02-16 00:46:13 Success.
2026-02-16 00:46:13 Latest version is 1.11.7
2026-02-16 00:46:13 App is up to date.
2026-02-17 19:12:23 Loaded main app package /usr/lib/obsidian/obsidian.asar
2026-02-17 19:12:24 Checking for update using Github
2026-02-17 19:12:24 Success.
2026-02-17 19:12:24 Latest version is 1.11.7
2026-02-17 19:12:24 App is up to date.
2026-02-20 16:27:16 Loaded main app package /usr/lib/obsidian/obsidian.asar
2026-02-20 16:27:16 Checking for update using Github
2026-02-20 16:27:16 Success.
2026-02-20 16:27:16 Latest version is 1.11.7
2026-02-20 16:27:16 App is up to date.
2026-02-22 19:44:19 Loaded main app package /usr/lib/obsidian/obsidian.asar
2026-02-22 19:44:19 Checking for update using Github
2026-02-22 19:44:20 Success.
2026-02-22 19:44:20 Latest version is 1.11.7
2026-02-22 19:44:20 App is up to date.
2026-02-22 23:20:09 Checking for update using Github
2026-02-22 23:20:09 Success.
2026-02-22 23:20:09 Latest version is 1.11.7
2026-02-22 23:20:09 App is up to date.
2026-02-24 11:58:22 Loaded main app package /usr/lib/obsidian/obsidian.asar
2026-02-24 11:58:22 Checking for update using Github
2026-02-24 11:58:22 Success.
2026-02-24 11:58:22 Latest version is 1.11.7
2026-02-24 11:58:22 App is up to date.
2026-02-24 14:15:22 Checking for update using Github
2026-02-24 14:15:22 Success.
2026-02-24 14:15:22 Latest version is 1.11.7
2026-02-24 14:15:22 App is up to date.
2026-02-24 20:37:09 Checking for update using Github
2026-02-24 20:37:09 Failed to check for update using Github (net::ERR_INTERNET_DISCONNECTED)
2026-02-24 20:37:09 Checking for update using obsidian.md
2026-02-24 20:37:09 Failed to check for update using obsidian.md (net::ERR_INTERNET_DISCONNECTED)
2026-02-25 20:09:19 Loaded main app package /usr/lib/obsidian/obsidian.asar
2026-02-25 20:09:19 Checking for update using Github
2026-02-25 20:09:19 Success.
2026-02-25 20:09:19 Latest version is 1.11.7
2026-02-25 20:09:19 App is up to date.
2026-02-26 21:03:32 Loaded main app package /usr/lib/obsidian/obsidian.asar
2026-02-26 21:03:32 Checking for update using Github
2026-02-26 21:03:33 Success.
2026-02-26 21:03:33 Latest version is 1.11.7
2026-02-26 21:03:33 App is up to date.
2026-02-26 22:51:16 Checking for update using Github
2026-02-26 22:51:16 Success.
2026-02-26 22:51:16 Latest version is 1.11.7
2026-02-26 22:51:16 App is up to date.
2026-02-26 23:40:14 Loaded main app package /usr/lib/obsidian/obsidian.asar
2026-02-26 23:40:14 Checking for update using Github
2026-02-26 23:40:14 Success.
2026-02-26 23:40:14 Latest version is 1.11.7
2026-02-26 23:40:14 App is up to date.
2026-02-27 00:05:42 Loaded main app package /usr/lib/obsidian/obsidian.asar
2026-02-27 00:05:42 Checking for update using Github
2026-02-27 00:05:42 Success.
2026-02-27 00:05:42 Latest version is 1.11.7
2026-02-27 00:05:42 App is up to date.
2026-02-27 16:50:06 Loaded main app package /usr/lib/obsidian/obsidian.asar
2026-02-27 16:50:06 Checking for update using Github
2026-02-27 16:50:07 Success.
2026-02-27 16:50:07 Latest version is 1.12.4
2026-02-27 16:50:07 Downloading update from https://github.com/obsidianmd/obsidian-releases/releases/download/v1.12.4/obsidian-1.12.4.asar.gz
2026-02-27 16:50:08 Verifying hash & signature. Size= 8322418
2026-02-27 16:50:09 Saving file
2026-02-27 16:50:09 Update complete.
