2025-12-04 19:14:06 Loading main app package /usr/lib/obsidian/obsidian.asar
2025-12-04 19:14:06 Checking for update using Github
2025-12-04 19:14:06 Success.
2025-12-04 19:14:06 Latest version is 1.10.6
2025-12-04 19:14:06 App is up to date.
2025-12-04 20:14:06 Checking for update using Github
2025-12-04 20:14:06 Failed to check for update using Github (net::ERR_INTERNET_DISCONNECTED)
2025-12-04 20:14:06 Checking for update using obsidian.md
2025-12-04 20:14:06 Failed to check for update using obsidian.md (net::ERR_INTERNET_DISCONNECTED)
2025-12-04 20:42:57 Loading main app package /usr/lib/obsidian/obsidian.asar
2025-12-04 20:42:57 Checking for update using Github
2025-12-04 20:42:57 Failed to check for update using Github (net::ERR_INTERNET_DISCONNECTED)
2025-12-04 20:42:57 Checking for update using obsidian.md
2025-12-04 20:42:57 Failed to check for update using obsidian.md (net::ERR_INTERNET_DISCONNECTED)
2025-12-04 23:04:44 Loading main app package /usr/lib/obsidian/obsidian.asar
2025-12-04 23:04:44 Checking for update using Github
2025-12-04 23:04:44 Success.
2025-12-04 23:04:44 Latest version is 1.10.6
2025-12-04 23:04:44 App is up to date.
2025-12-05 01:00:05 Loading main app package /usr/lib/obsidian/obsidian.asar
2025-12-05 01:00:05 Checking for update using Github
2025-12-05 01:00:05 Success.
2025-12-05 01:00:05 Latest version is 1.10.6
2025-12-05 01:00:05 App is up to date.
2025-12-05 12:33:09 Loading main app package /usr/lib/obsidian/obsidian.asar
2025-12-05 12:33:09 Checking for update using Github
2025-12-05 12:33:09 Success.
2025-12-05 12:33:09 Latest version is 1.10.6
2025-12-05 12:33:09 App is up to date.
2025-12-05 17:10:18 Loading main app package /usr/lib/obsidian/obsidian.asar
2025-12-05 17:10:18 Checking for update using Github
2025-12-05 17:10:18 Failed to check for update using Github (net::ERR_INTERNET_DISCONNECTED)
2025-12-05 17:10:18 Checking for update using obsidian.md
2025-12-05 17:10:18 Failed to check for update using obsidian.md (net::ERR_INTERNET_DISCONNECTED)
2025-12-05 18:10:18 Checking for update using Github
2025-12-05 18:10:18 Failed to check for update using Github (net::ERR_INTERNET_DISCONNECTED)
2025-12-05 18:10:18 Checking for update using obsidian.md
2025-12-05 18:10:18 Failed to check for update using obsidian.md (net::ERR_INTERNET_DISCONNECTED)
2025-12-05 18:10:56 Loading main app package /usr/lib/obsidian/obsidian.asar
2025-12-05 18:10:57 Checking for update using Github
2025-12-05 18:10:57 Success.
2025-12-05 18:10:57 Latest version is 1.10.6
2025-12-05 18:10:57 App is up to date.
2025-12-05 22:52:33 Loading main app package /usr/lib/obsidian/obsidian.asar
2025-12-05 22:52:33 Checking for update using Github
2025-12-05 22:52:33 Success.
2025-12-05 22:52:33 Latest version is 1.10.6
2025-12-05 22:52:33 App is up to date.
2025-12-05 23:52:33 Checking for update using Github
2025-12-05 23:52:34 Success.
2025-12-05 23:52:34 Latest version is 1.10.6
2025-12-05 23:52:34 App is up to date.
2025-12-06 17:27:02 Loading main app package /usr/lib/obsidian/obsidian.asar
2025-12-06 17:27:03 Checking for update using Github
2025-12-06 17:27:03 Success.
2025-12-06 17:27:03 Latest version is 1.10.6
2025-12-06 17:27:03 App is up to date.
2025-12-06 18:27:02 Checking for update using Github
2025-12-06 18:27:03 Success.
2025-12-06 18:27:03 Latest version is 1.10.6
2025-12-06 18:27:03 App is up to date.
2025-12-06 19:27:02 Checking for update using Github
2025-12-06 19:27:02 Success.
2025-12-06 19:27:02 Latest version is 1.10.6
2025-12-06 19:27:02 App is up to date.
2025-12-07 01:27:59 Loading main app package /usr/lib/obsidian/obsidian.asar
2025-12-07 01:27:59 Checking for update using Github
2025-12-07 01:28:00 Success.
2025-12-07 01:28:00 Latest version is 1.10.6
2025-12-07 01:28:00 App is up to date.
2025-12-08 01:19:31 Loading main app package /usr/lib/obsidian/obsidian.asar
2025-12-08 01:19:31 Checking for update using Github
2025-12-08 01:19:31 Success.
2025-12-08 01:19:31 Latest version is 1.10.6
2025-12-08 01:19:31 App is up to date.
2025-12-08 14:03:25 Loading main app package /usr/lib/obsidian/obsidian.asar
2025-12-08 14:03:25 Checking for update using Github
2025-12-08 14:03:26 Success.
2025-12-08 14:03:26 Latest version is 1.10.6
2025-12-08 14:03:26 App is up to date.
2025-12-08 15:03:25 Checking for update using Github
2025-12-08 15:03:25 Success.
2025-12-08 15:03:25 Latest version is 1.10.6
2025-12-08 15:03:25 App is up to date.
2025-12-08 19:07:59 Loading main app package /usr/lib/obsidian/obsidian.asar
2025-12-08 19:07:59 Checking for update using Github
2025-12-08 19:08:00 Success.
2025-12-08 19:08:00 Latest version is 1.10.6
2025-12-08 19:08:00 App is up to date.
2025-12-08 20:07:59 Checking for update using Github
2025-12-08 20:07:59 Success.
2025-12-08 20:07:59 Latest version is 1.10.6
2025-12-08 20:07:59 App is up to date.
2025-12-08 21:07:59 Checking for update using Github
2025-12-08 21:08:00 Success.
2025-12-08 21:08:00 Latest version is 1.10.6
2025-12-08 21:08:00 App is up to date.
2025-12-08 22:07:59 Checking for update using Github
2025-12-08 22:07:59 Success.
2025-12-08 22:07:59 Latest version is 1.10.6
2025-12-08 22:07:59 App is up to date.
2025-12-08 23:07:59 Checking for update using Github
2025-12-08 23:08:04 Success.
2025-12-08 23:08:04 Latest version is 1.10.6
2025-12-08 23:08:04 App is up to date.
2025-12-09 00:07:59 Checking for update using Github
2025-12-09 00:07:59 Success.
2025-12-09 00:07:59 Latest version is 1.10.6
2025-12-09 00:07:59 App is up to date.
2025-12-09 19:13:19 Loading main app package /usr/lib/obsidian/obsidian.asar
2025-12-09 19:13:20 Checking for update using Github
2025-12-09 19:13:20 Failed to check for update using Github (net::ERR_INTERNET_DISCONNECTED)
2025-12-09 19:13:20 Checking for update using obsidian.md
2025-12-09 19:13:20 Failed to check for update using obsidian.md (net::ERR_INTERNET_DISCONNECTED)
2025-12-09 20:13:19 Checking for update using Github
2025-12-09 20:13:19 Failed to check for update using Github (net::ERR_INTERNET_DISCONNECTED)
2025-12-09 20:13:19 Checking for update using obsidian.md
2025-12-09 20:13:19 Failed to check for update using obsidian.md (net::ERR_INTERNET_DISCONNECTED)
2025-12-10 16:50:27 Loading main app package /usr/lib/obsidian/obsidian.asar
2025-12-10 16:50:28 Checking for update using Github
2025-12-10 16:50:28 Success.
2025-12-10 16:50:28 Latest version is 1.10.6
2025-12-10 16:50:28 App is up to date.
2025-12-10 17:50:27 Checking for update using Github
2025-12-10 17:50:27 Success.
2025-12-10 17:50:27 Latest version is 1.10.6
2025-12-10 17:50:27 App is up to date.
2025-12-10 18:50:27 Checking for update using Github
2025-12-10 18:50:27 Success.
2025-12-10 18:50:27 Latest version is 1.10.6
2025-12-10 18:50:27 App is up to date.
2025-12-10 19:50:27 Checking for update using Github
2025-12-10 19:50:27 Success.
2025-12-10 19:50:27 Latest version is 1.10.6
2025-12-10 19:50:27 App is up to date.
2025-12-10 20:50:27 Checking for update using Github
2025-12-10 20:50:27 Success.
2025-12-10 20:50:27 Latest version is 1.10.6
2025-12-10 20:50:27 App is up to date.
2025-12-10 21:50:27 Checking for update using Github
2025-12-10 21:50:27 Success.
2025-12-10 21:50:27 Latest version is 1.10.6
2025-12-10 21:50:27 App is up to date.
2025-12-12 17:12:55 Loading main app package /usr/lib/obsidian/obsidian.asar
2025-12-12 17:12:55 Checking for update using Github
2025-12-12 17:12:55 Failed to check for update using Github (net::ERR_INTERNET_DISCONNECTED)
2025-12-12 17:12:55 Checking for update using obsidian.md
2025-12-12 17:12:55 Failed to check for update using obsidian.md (net::ERR_INTERNET_DISCONNECTED)
2025-12-12 18:12:55 Checking for update using Github
2025-12-12 18:12:55 Failed to check for update using Github (net::ERR_INTERNET_DISCONNECTED)
2025-12-12 18:12:55 Checking for update using obsidian.md
2025-12-12 18:12:55 Failed to check for update using obsidian.md (net::ERR_INTERNET_DISCONNECTED)
2025-12-13 17:49:13 Loading main app package /usr/lib/obsidian/obsidian.asar
2025-12-13 17:49:13 Checking for update using Github
2025-12-13 17:49:13 Success.
2025-12-13 17:49:13 Latest version is 1.10.6
2025-12-13 17:49:13 App is up to date.
2025-12-13 18:49:13 Checking for update using Github
2025-12-13 18:49:13 Success.
2025-12-13 18:49:13 Latest version is 1.10.6
2025-12-13 18:49:13 App is up to date.
2025-12-13 19:49:13 Checking for update using Github
2025-12-13 19:49:13 Success.
2025-12-13 19:49:13 Latest version is 1.10.6
2025-12-13 19:49:13 App is up to date.
2025-12-13 20:49:13 Checking for update using Github
2025-12-13 20:49:13 Success.
2025-12-13 20:49:13 Latest version is 1.10.6
2025-12-13 20:49:13 App is up to date.
2025-12-14 00:31:25 Loading main app package /usr/lib/obsidian/obsidian.asar
2025-12-14 00:31:26 Checking for update using Github
2025-12-14 00:31:26 Success.
2025-12-14 00:31:26 Latest version is 1.10.6
2025-12-14 00:31:26 App is up to date.
2025-12-14 14:12:53 Loading main app package /usr/lib/obsidian/obsidian.asar
2025-12-14 14:12:54 Checking for update using Github
2025-12-14 14:12:54 Success.
2025-12-14 14:12:54 Latest version is 1.10.6
2025-12-14 14:12:54 App is up to date.
2025-12-14 21:18:04 Loading main app package /usr/lib/obsidian/obsidian.asar
2025-12-14 21:18:05 Checking for update using Github
2025-12-14 21:18:05 Success.
2025-12-14 21:18:05 Latest version is 1.10.6
2025-12-14 21:18:05 App is up to date.
2025-12-16 14:45:27 Loading main app package /usr/lib/obsidian/obsidian.asar
2025-12-16 14:45:27 Checking for update using Github
2025-12-16 14:45:27 Success.
2025-12-16 14:45:27 Latest version is 1.10.6
2025-12-16 14:45:27 App is up to date.
2025-12-16 19:18:00 Loading main app package /usr/lib/obsidian/obsidian.asar
2025-12-16 19:18:00 Checking for update using Github
2025-12-16 19:18:00 Failed to check for update using Github (net::ERR_INTERNET_DISCONNECTED)
2025-12-16 19:18:00 Checking for update using obsidian.md
2025-12-16 19:18:00 Failed to check for update using obsidian.md (net::ERR_INTERNET_DISCONNECTED)
2025-12-16 19:54:07 Loading main app package /usr/lib/obsidian/obsidian.asar
2025-12-16 19:54:07 Checking for update using Github
2025-12-16 19:54:07 Failed to check for update using Github (net::ERR_INTERNET_DISCONNECTED)
2025-12-16 19:54:07 Checking for update using obsidian.md
2025-12-16 19:54:07 Failed to check for update using obsidian.md (net::ERR_INTERNET_DISCONNECTED)
2025-12-17 12:43:04 Loading main app package /usr/lib/obsidian/obsidian.asar
2025-12-17 12:43:05 Checking for update using Github
2025-12-17 12:43:05 Success.
2025-12-17 12:43:05 Latest version is 1.10.6
2025-12-17 12:43:05 App is up to date.
2025-12-17 18:05:56 Loading main app package /usr/lib/obsidian/obsidian.asar
2025-12-17 18:05:56 Checking for update using Github
2025-12-17 18:05:56 Success.
2025-12-17 18:05:56 Latest version is 1.10.6
2025-12-17 18:05:56 App is up to date.
2025-12-17 19:05:56 Checking for update using Github
2025-12-17 19:05:56 Success.
2025-12-17 19:05:56 Latest version is 1.10.6
2025-12-17 19:05:56 App is up to date.
2025-12-17 20:05:56 Checking for update using Github
2025-12-17 20:05:56 Success.
2025-12-17 20:05:56 Latest version is 1.10.6
2025-12-17 20:05:56 App is up to date.
2025-12-24 01:52:12 Loading main app package /usr/lib/obsidian/obsidian.asar
2025-12-24 01:52:12 Checking for update using Github
2025-12-24 01:52:13 Success.
2025-12-24 01:52:13 Latest version is 1.10.6
2025-12-24 01:52:13 App is up to date.
2026-01-29 14:03:11 Loading main app package /usr/lib/obsidian/obsidian.asar
2026-01-29 14:03:11 Checking for update using Github
2026-01-29 14:03:12 Success.
2026-01-29 14:03:12 Latest version is 1.11.5
2026-01-29 14:03:12 App is up to date.
2026-01-30 17:17:18 Loading main app package /usr/lib/obsidian/obsidian.asar
2026-01-30 17:17:19 Checking for update using Github
2026-01-30 17:17:19 Failed to check for update using Github (net::ERR_INTERNET_DISCONNECTED)
2026-01-30 17:17:19 Checking for update using obsidian.md
2026-01-30 17:17:19 Failed to check for update using obsidian.md (net::ERR_INTERNET_DISCONNECTED)
2026-02-03 19:23:04 Loading main app package /usr/lib/obsidian/obsidian.asar
2026-02-03 19:23:05 Checking for update using Github
2026-02-03 19:23:05 Failed to check for update using Github (net::ERR_INTERNET_DISCONNECTED)
2026-02-03 19:23:05 Checking for update using obsidian.md
2026-02-03 19:23:05 Failed to check for update using obsidian.md (net::ERR_INTERNET_DISCONNECTED)
2026-02-03 20:23:04 Checking for update using Github
2026-02-03 20:23:04 Failed to check for update using Github (net::ERR_INTERNET_DISCONNECTED)
2026-02-03 20:23:04 Checking for update using obsidian.md
2026-02-03 20:23:04 Failed to check for update using obsidian.md (net::ERR_INTERNET_DISCONNECTED)
2026-02-03 23:20:41 Loading main app package /usr/lib/obsidian/obsidian.asar
2026-02-03 23:20:41 Checking for update using Github
2026-02-03 23:20:41 Success.
2026-02-03 23:20:41 Latest version is 1.11.5
2026-02-03 23:20:41 App is up to date.
2026-02-04 18:21:16 Loading main app package /usr/lib/obsidian/obsidian.asar
2026-02-04 18:21:16 Checking for update using Github
2026-02-04 18:21:16 Success.
2026-02-04 18:21:16 Latest version is 1.11.5
2026-02-04 18:21:16 App is up to date.
2026-02-04 19:21:16 Checking for update using Github
2026-02-04 19:21:16 Success.
2026-02-04 19:21:16 Latest version is 1.11.5
2026-02-04 19:21:16 App is up to date.
2026-02-04 20:24:08 Loading main app package /usr/lib/obsidian/obsidian.asar
2026-02-04 20:24:09 Checking for update using Github
2026-02-04 20:24:09 Success.
2026-02-04 20:24:09 Latest version is 1.11.5
2026-02-04 20:24:09 App is up to date.
2026-02-04 21:24:09 Checking for update using Github
2026-02-04 21:24:09 Success.
2026-02-04 21:24:09 Latest version is 1.11.5
2026-02-04 21:24:09 App is up to date.
2026-02-04 22:24:09 Checking for update using Github
2026-02-04 22:24:09 Success.
2026-02-04 22:24:09 Latest version is 1.11.5
2026-02-04 22:24:09 App is up to date.
2026-02-04 23:24:09 Checking for update using Github
2026-02-04 23:24:09 Success.
2026-02-04 23:24:09 Latest version is 1.11.5
2026-02-04 23:24:09 App is up to date.
2026-02-05 00:24:09 Checking for update using Github
2026-02-05 00:24:09 Success.
2026-02-05 00:24:09 Latest version is 1.11.5
2026-02-05 00:24:09 App is up to date.
2026-02-06 17:06:59 Loading main app package /usr/lib/obsidian/obsidian.asar
2026-02-06 17:07:00 Checking for update using Github
2026-02-06 17:07:00 Failed to check for update using Github (net::ERR_INTERNET_DISCONNECTED)
2026-02-06 17:07:00 Checking for update using obsidian.md
2026-02-06 17:07:00 Failed to check for update using obsidian.md (net::ERR_INTERNET_DISCONNECTED)
2026-02-06 18:06:59 Checking for update using Github
2026-02-06 18:06:59 Failed to check for update using Github (net::ERR_INTERNET_DISCONNECTED)
2026-02-06 18:06:59 Checking for update using obsidian.md
2026-02-06 18:06:59 Failed to check for update using obsidian.md (net::ERR_INTERNET_DISCONNECTED)
2026-02-10 19:25:40 Loading main app package /usr/lib/obsidian/obsidian.asar
2026-02-10 19:25:41 Checking for update using Github
2026-02-10 19:25:42 Success.
2026-02-10 19:25:42 Latest version is 1.11.7
2026-02-10 19:25:42 Downloading update from https://github.com/obsidianmd/obsidian-releases/releases/download/v1.11.7/obsidian-1.11.7.asar.gz
2026-02-10 19:25:48 Verifying hash & signature. Size= 8773752
2026-02-10 19:25:48 Saving file
2026-02-10 19:25:49 Update complete.
